2025-09-12 18:25:43 | INFO     | [acff0364] | app.component.pipeline_executor_optimized:_setup_logging:964 - 实例 acff0364 日志配置完成 - 控制台输出 + 文件输出: /Users/a1-6/Desktop/PycharmProjects/chain-parser/chain-data-parser/logs/pipeline_1757560167_20250912_182542.log
2025-09-12 18:25:43 | INFO     | [acff0364] | app.component.pipeline_executor_optimized:__init__:849 - 从配置字典加载管道配置 - aavev3
2025-09-12 18:25:43 | INFO     | [acff0364] | app.component.pipeline_executor_optimized:_validate_config:893 - 配置验证通过: 4 个组件
2025-09-12 18:25:43 | INFO     | [acff0364] | app.component.pipeline_executor_optimized:__init__:858 - 优化版区块链数据管道初始化完成 - aavev3
2025-09-12 18:25:43 | INFO     | [acff0364] | app.component.pipeline_executor_optimized:__init__:860 - 日志输出路径: logs/pipeline_1757560167_20250912_182542.log
2025-09-12 18:25:43 | INFO     | [acff0364] | app.component.pipeline_executor_optimized:execute_pipeline:1067 - 开始执行优化版管道: aavev3
2025-09-12 18:25:43 | ERROR    | [global] | app.component.pipeline_executor_optimized:_load_abi_from_database:195 - 从数据库加载ABI失败 (ID: 18): asyncio.run() cannot be called from a running event loop
2025-09-12 18:25:45 | INFO     | [global] | app.services.evm_parser:get_web3:29 - 成功连接到 ethereum 网络
2025-09-12 18:25:45 | INFO     | [global] | app.component.event_monitor:__init__:46 - 事件监控器已初始化 - 链: ethereum, 合约: 0x87870bca3f3fd6335c3f4ce8392d69350b4fa4e2
2025-09-12 18:25:45 | INFO     | [global] | app.component.pipeline_executor_optimized:initialize:131 - 事件监控器初始化成功: 0x87870bca3f3fd6335c3f4ce8392d69350b4fa4e2
2025-09-12 18:25:45 | INFO     | [acff0364] | app.component.pipeline_executor_optimized:_initialize_components:1004 - 组件初始化成功: step1 (event_monitor)
2025-09-12 18:25:45 | WARNING  | [global] | app.component.pipeline_executor_optimized:_load_abi_file:500 - ABI文件不存在: /Users/a1-6/Desktop/PycharmProjects/chain-parser/chain-data-parser/ERC20_17.json
2025-09-12 18:25:45 | ERROR    | [global] | app.component.pipeline_executor_optimized:initialize:299 - 合约调用器初始化失败: when sending a str, it must be a hex string. Got: '{args.reserve}'
2025-09-12 18:25:45 | ERROR    | [global] | app.component.pipeline_executor_optimized:_initialize_components:1006 - 组件初始化失败: step2 (contract_caller)
2025-09-12 18:25:45 | INFO     | [global] | app.component.dict_mapper:__init__:29 - 字典映射器初始化完成 - 规则数量: 15
2025-09-12 18:25:45 | INFO     | [global] | app.component.dict_mapper:__init__:29 - 字典映射器初始化完成 - 规则数量: 13
2025-09-12 18:25:45 | INFO     | [global] | app.component.dict_mapper:__init__:29 - 字典映射器初始化完成 - 规则数量: 12
2025-09-12 18:25:45 | INFO     | [global] | app.component.dict_mapper:__init__:29 - 字典映射器初始化完成 - 规则数量: 13
2025-09-12 18:25:45 | INFO     | [global] | app.component.pipeline_executor_optimized:initialize:663 - 字典映射器初始化成功: 创建了 4 个映射器
2025-09-12 18:25:45 | INFO     | [acff0364] | app.component.pipeline_executor_optimized:_initialize_components:1004 - 组件初始化成功: step3 (dict_mapper)
2025-09-12 18:25:45 | INFO     | [global] | app.component.kafka_client:__init__:32 - Kafka客户端初始化 - 服务器: ['localhost:9092']
2025-09-12 18:25:45 | INFO     | [global] | app.component.kafka_client:init_producer:76 - Kafka生产者初始化成功
2025-09-12 18:25:45 | INFO     | [global] | app.component.pipeline_executor_optimized:initialize:749 - Kafka生产者初始化成功: localhost:9092
2025-09-12 18:25:45 | INFO     | [acff0364] | app.component.pipeline_executor_optimized:_initialize_components:1004 - 组件初始化成功: step4 (kafka_producer)
2025-09-12 18:25:45 | INFO     | [global] | app.component.pipeline_executor_optimized:execute:141 - 启动事件监控...
2025-09-12 18:25:45 | INFO     | [global] | app.component.event_monitor:start_monitoring:195 - 开始监控合约事件 - 0x87870Bca3F3fD6335C3F4ce8392D69350B4fA4E2
2025-09-12 18:25:46 | INFO     | [global] | app.component.event_monitor:start_monitoring:206 - 从区块 23346371 开始监控
2025-09-12 18:25:46 | INFO     | [global] | app.component.event_monitor:_realtime_monitoring:219 - 启动实时监控模式
2025-09-12 18:25:46 | ERROR    | [global] | app.component.event_monitor:_realtime_monitoring:239 - 实时监控出错: ('The abi for this contract contains no event definitions. ', 'Are you sure you provided the correct contract abi?')
2025-09-12 18:25:46 | INFO     | [global] | app.services.pipeline_config_service:get_task_log:663 - 读取任务日志成功: task_id=64, log_path=/Users/a1-6/Desktop/PycharmProjects/chain-parser/chain-data-parser/logs/pipeline_1757560167_20250912_181950.log, returned_lines=70
2025-09-12 18:25:50 | INFO     | [global] | app.services.pipeline_config_service:get_task_log:663 - 读取任务日志成功: task_id=64, log_path=/Users/a1-6/Desktop/PycharmProjects/chain-parser/chain-data-parser/logs/pipeline_1757560167_20250912_181950.log, returned_lines=70
2025-09-12 18:25:51 | ERROR    | [global] | app.component.event_monitor:_realtime_monitoring:239 - 实时监控出错: ('The abi for this contract contains no event definitions. ', 'Are you sure you provided the correct contract abi?')
2025-09-12 18:25:53 | INFO     | [global] | app.services.pipeline_config_service:get_task_log:663 - 读取任务日志成功: task_id=65, log_path=/Users/a1-6/Desktop/PycharmProjects/chain-parser/chain-data-parser/logs/pipeline_1757560167_20250912_182542.log, returned_lines=32
2025-09-12 18:25:57 | ERROR    | [global] | app.component.event_monitor:_realtime_monitoring:239 - 实时监控出错: ('The abi for this contract contains no event definitions. ', 'Are you sure you provided the correct contract abi?')
2025-09-12 18:25:57 | INFO     | [global] | app.services.pipeline_config_service:get_task_log:663 - 读取任务日志成功: task_id=65, log_path=/Users/a1-6/Desktop/PycharmProjects/chain-parser/chain-data-parser/logs/pipeline_1757560167_20250912_182542.log, returned_lines=34
2025-09-12 18:25:59 | INFO     | [global] | app.services.pipeline_config_service:get_task_log:663 - 读取任务日志成功: task_id=65, log_path=/Users/a1-6/Desktop/PycharmProjects/chain-parser/chain-data-parser/logs/pipeline_1757560167_20250912_182542.log, returned_lines=35
2025-09-12 18:26:02 | ERROR    | [global] | app.component.event_monitor:_realtime_monitoring:239 - 实时监控出错: ('The abi for this contract contains no event definitions. ', 'Are you sure you provided the correct contract abi?')
2025-09-12 18:26:03 | INFO     | [global] | app.services.pipeline_config_service:get_task_log:663 - 读取任务日志成功: task_id=65, log_path=/Users/a1-6/Desktop/PycharmProjects/chain-parser/chain-data-parser/logs/pipeline_1757560167_20250912_182542.log, returned_lines=37
2025-09-12 18:26:05 | INFO     | [global] | app.services.pipeline_config_service:get_task_log:663 - 读取任务日志成功: task_id=65, log_path=/Users/a1-6/Desktop/PycharmProjects/chain-parser/chain-data-parser/logs/pipeline_1757560167_20250912_182542.log, returned_lines=38
2025-09-12 18:26:08 | ERROR    | [global] | app.component.event_monitor:_realtime_monitoring:239 - 实时监控出错: ('The abi for this contract contains no event definitions. ', 'Are you sure you provided the correct contract abi?')
2025-09-12 18:26:09 | INFO     | [global] | app.services.pipeline_config_service:get_task_log:663 - 读取任务日志成功: task_id=65, log_path=/Users/a1-6/Desktop/PycharmProjects/chain-parser/chain-data-parser/logs/pipeline_1757560167_20250912_182542.log, returned_lines=40
2025-09-12 18:26:11 | INFO     | [global] | app.services.pipeline_config_service:get_task_log:663 - 读取任务日志成功: task_id=65, log_path=/Users/a1-6/Desktop/PycharmProjects/chain-parser/chain-data-parser/logs/pipeline_1757560167_20250912_182542.log, returned_lines=41
2025-09-12 18:26:13 | ERROR    | [global] | app.component.event_monitor:_realtime_monitoring:239 - 实时监控出错: ('The abi for this contract contains no event definitions. ', 'Are you sure you provided the correct contract abi?')
2025-09-12 18:26:14 | INFO     | [global] | app.services.pipeline_config_service:get_task_log:663 - 读取任务日志成功: task_id=65, log_path=/Users/a1-6/Desktop/PycharmProjects/chain-parser/chain-data-parser/logs/pipeline_1757560167_20250912_182542.log, returned_lines=43
2025-09-12 18:26:18 | INFO     | [global] | app.services.pipeline_config_service:get_task_log:663 - 读取任务日志成功: task_id=65, log_path=/Users/a1-6/Desktop/PycharmProjects/chain-parser/chain-data-parser/logs/pipeline_1757560167_20250912_182542.log, returned_lines=44
2025-09-12 18:26:19 | ERROR    | [global] | app.component.event_monitor:_realtime_monitoring:239 - 实时监控出错: ('The abi for this contract contains no event definitions. ', 'Are you sure you provided the correct contract abi?')
2025-09-12 18:26:20 | INFO     | [global] | app.services.pipeline_config_service:get_task_log:663 - 读取任务日志成功: task_id=65, log_path=/Users/a1-6/Desktop/PycharmProjects/chain-parser/chain-data-parser/logs/pipeline_1757560167_20250912_182542.log, returned_lines=46
2025-09-12 18:26:23 | INFO     | [global] | app.services.pipeline_config_service:get_task_log:663 - 读取任务日志成功: task_id=65, log_path=/Users/a1-6/Desktop/PycharmProjects/chain-parser/chain-data-parser/logs/pipeline_1757560167_20250912_182542.log, returned_lines=47
2025-09-12 18:26:24 | ERROR    | [global] | app.component.event_monitor:_realtime_monitoring:239 - 实时监控出错: ('The abi for this contract contains no event definitions. ', 'Are you sure you provided the correct contract abi?')
2025-09-12 18:26:27 | INFO     | [global] | app.services.pipeline_config_service:get_task_log:663 - 读取任务日志成功: task_id=65, log_path=/Users/a1-6/Desktop/PycharmProjects/chain-parser/chain-data-parser/logs/pipeline_1757560167_20250912_182542.log, returned_lines=49
2025-09-12 18:26:29 | ERROR    | [global] | app.component.event_monitor:_realtime_monitoring:239 - 实时监控出错: ('The abi for this contract contains no event definitions. ', 'Are you sure you provided the correct contract abi?')
2025-09-12 18:26:30 | INFO     | [global] | app.services.pipeline_config_service:get_task_log:663 - 读取任务日志成功: task_id=65, log_path=/Users/a1-6/Desktop/PycharmProjects/chain-parser/chain-data-parser/logs/pipeline_1757560167_20250912_182542.log, returned_lines=51
2025-09-12 18:26:32 | INFO     | [global] | app.services.pipeline_config_service:get_task_log:663 - 读取任务日志成功: task_id=65, log_path=/Users/a1-6/Desktop/PycharmProjects/chain-parser/chain-data-parser/logs/pipeline_1757560167_20250912_182542.log, returned_lines=52
2025-09-12 18:26:35 | ERROR    | [global] | app.component.event_monitor:_realtime_monitoring:239 - 实时监控出错: ('The abi for this contract contains no event definitions. ', 'Are you sure you provided the correct contract abi?')
2025-09-12 18:26:36 | INFO     | [global] | app.services.pipeline_config_service:get_task_log:663 - 读取任务日志成功: task_id=65, log_path=/Users/a1-6/Desktop/PycharmProjects/chain-parser/chain-data-parser/logs/pipeline_1757560167_20250912_182542.log, returned_lines=54
2025-09-12 18:26:38 | INFO     | [global] | app.services.pipeline_config_service:get_task_log:663 - 读取任务日志成功: task_id=65, log_path=/Users/a1-6/Desktop/PycharmProjects/chain-parser/chain-data-parser/logs/pipeline_1757560167_20250912_182542.log, returned_lines=55
2025-09-12 18:26:40 | ERROR    | [global] | app.component.event_monitor:_realtime_monitoring:239 - 实时监控出错: ('The abi for this contract contains no event definitions. ', 'Are you sure you provided the correct contract abi?')
2025-09-12 18:26:42 | INFO     | [global] | app.services.pipeline_config_service:get_task_log:663 - 读取任务日志成功: task_id=65, log_path=/Users/a1-6/Desktop/PycharmProjects/chain-parser/chain-data-parser/logs/pipeline_1757560167_20250912_182542.log, returned_lines=57
2025-09-12 18:26:44 | INFO     | [global] | app.services.pipeline_config_service:get_task_log:663 - 读取任务日志成功: task_id=65, log_path=/Users/a1-6/Desktop/PycharmProjects/chain-parser/chain-data-parser/logs/pipeline_1757560167_20250912_182542.log, returned_lines=58
2025-09-12 18:26:46 | ERROR    | [global] | app.component.event_monitor:_realtime_monitoring:239 - 实时监控出错: ('The abi for this contract contains no event definitions. ', 'Are you sure you provided the correct contract abi?')
2025-09-12 18:26:48 | INFO     | [global] | app.services.pipeline_config_service:get_task_log:663 - 读取任务日志成功: task_id=65, log_path=/Users/a1-6/Desktop/PycharmProjects/chain-parser/chain-data-parser/logs/pipeline_1757560167_20250912_182542.log, returned_lines=60
2025-09-12 18:26:51 | INFO     | [global] | app.services.pipeline_config_service:get_task_log:663 - 读取任务日志成功: task_id=65, log_path=/Users/a1-6/Desktop/PycharmProjects/chain-parser/chain-data-parser/logs/pipeline_1757560167_20250912_182542.log, returned_lines=61
2025-09-12 18:26:51 | ERROR    | [global] | app.component.event_monitor:_realtime_monitoring:239 - 实时监控出错: ('The abi for this contract contains no event definitions. ', 'Are you sure you provided the correct contract abi?')
2025-09-12 18:26:53 | INFO     | [global] | app.startup:shutdown_event:24 - 应用关闭中...
2025-09-12 18:26:53 | INFO     | [global] | app.services.task_monitor_service:_monitor_loop:147 - 任务监控守护进程被取消
2025-09-12 18:26:53 | INFO     | [global] | app.services.task_monitor_service:stop_monitoring:166 - 任务监控守护进程已停止
2025-09-12 18:26:53 | INFO     | [global] | app.services.task_monitor_service:shutdown_task_monitoring:201 - 任务监控系统已关闭
2025-09-12 18:26:53 | INFO     | [global] | app.startup:shutdown_event:29 - 应用关闭完成
2025-09-12 18:26:53 | INFO     | [global] | app.services.database_service:close:106 - 数据库连接已关闭
2025-09-12 18:26:53 | INFO     | [acff0364] | app.component.pipeline_executor_optimized:_cleanup_components:1104 - 组件清理完成: step1
2025-09-12 18:26:53 | INFO     | [acff0364] | app.component.pipeline_executor_optimized:_cleanup_components:1104 - 组件清理完成: step3
2025-09-12 18:26:53 | INFO     | [acff0364] | app.component.pipeline_executor_optimized:_cleanup_components:1104 - 组件清理完成: step4
