2025-09-12 18:10:50 | INFO     | [fce6525f] | app.component.pipeline_executor_optimized:_setup_logging:847 - 实例 fce6525f 日志配置完成 - 控制台输出 + 文件输出: /Users/a1-6/Desktop/PycharmProjects/chain-parser/chain-data-parser/logs/pipeline_1757560167_20250912_181049.log
2025-09-12 18:10:50 | INFO     | [fce6525f] | app.component.pipeline_executor_optimized:__init__:732 - 从配置字典加载管道配置 - aavev3
2025-09-12 18:10:50 | INFO     | [fce6525f] | app.component.pipeline_executor_optimized:_validate_config:776 - 配置验证通过: 4 个组件
2025-09-12 18:10:50 | INFO     | [fce6525f] | app.component.pipeline_executor_optimized:__init__:741 - 优化版区块链数据管道初始化完成 - aavev3
2025-09-12 18:10:50 | INFO     | [fce6525f] | app.component.pipeline_executor_optimized:__init__:743 - 日志输出路径: logs/pipeline_1757560167_20250912_181049.log
2025-09-12 18:10:50 | INFO     | [fce6525f] | app.component.pipeline_executor_optimized:execute_pipeline:950 - 开始执行优化版管道: aavev3
2025-09-12 18:10:50 | WARNING  | [global] | app.component.pipeline_executor_optimized:_load_abi_file:152 - ABI文件不存在: /Users/a1-6/Desktop/PycharmProjects/chain-parser/chain-data-parser/abi_id:18
2025-09-12 18:10:52 | INFO     | [global] | app.services.evm_parser:get_web3:29 - 成功连接到 ethereum 网络
2025-09-12 18:10:52 | INFO     | [global] | app.component.event_monitor:__init__:46 - 事件监控器已初始化 - 链: ethereum, 合约: 0x87870bca3f3fd6335c3f4ce8392d69350b4fa4e2
2025-09-12 18:10:52 | INFO     | [global] | app.component.pipeline_executor_optimized:initialize:122 - 事件监控器初始化成功: 0x87870bca3f3fd6335c3f4ce8392d69350b4fa4e2
2025-09-12 18:10:52 | INFO     | [fce6525f] | app.component.pipeline_executor_optimized:_initialize_components:887 - 组件初始化成功: step1 (event_monitor)
2025-09-12 18:10:52 | WARNING  | [global] | app.component.pipeline_executor_optimized:_load_abi_file:426 - ABI文件不存在: /Users/a1-6/Desktop/PycharmProjects/chain-parser/chain-data-parser/ERC20_17.json
2025-09-12 18:10:52 | ERROR    | [global] | app.component.pipeline_executor_optimized:initialize:236 - 合约调用器初始化失败: when sending a str, it must be a hex string. Got: '{args.reserve}'
2025-09-12 18:10:52 | ERROR    | [global] | app.component.pipeline_executor_optimized:_initialize_components:889 - 组件初始化失败: step2 (contract_caller)
2025-09-12 18:10:52 | INFO     | [global] | app.component.dict_mapper:__init__:29 - 字典映射器初始化完成 - 规则数量: 15
2025-09-12 18:10:52 | INFO     | [global] | app.component.dict_mapper:__init__:29 - 字典映射器初始化完成 - 规则数量: 13
2025-09-12 18:10:52 | INFO     | [global] | app.component.dict_mapper:__init__:29 - 字典映射器初始化完成 - 规则数量: 12
2025-09-12 18:10:52 | INFO     | [global] | app.component.dict_mapper:__init__:29 - 字典映射器初始化完成 - 规则数量: 13
2025-09-12 18:10:52 | INFO     | [global] | app.component.pipeline_executor_optimized:initialize:546 - 字典映射器初始化成功: 创建了 4 个映射器
2025-09-12 18:10:52 | INFO     | [fce6525f] | app.component.pipeline_executor_optimized:_initialize_components:887 - 组件初始化成功: step3 (dict_mapper)
2025-09-12 18:10:52 | INFO     | [global] | app.component.kafka_client:__init__:32 - Kafka客户端初始化 - 服务器: ['localhost:9092']
2025-09-12 18:10:52 | INFO     | [global] | app.component.kafka_client:init_producer:76 - Kafka生产者初始化成功
2025-09-12 18:10:52 | INFO     | [global] | app.component.pipeline_executor_optimized:initialize:632 - Kafka生产者初始化成功: localhost:9092
2025-09-12 18:10:52 | INFO     | [fce6525f] | app.component.pipeline_executor_optimized:_initialize_components:887 - 组件初始化成功: step4 (kafka_producer)
2025-09-12 18:10:52 | INFO     | [global] | app.component.pipeline_executor_optimized:execute:132 - 启动事件监控...
2025-09-12 18:10:52 | INFO     | [global] | app.component.event_monitor:start_monitoring:195 - 开始监控合约事件 - 0x87870Bca3F3fD6335C3F4ce8392D69350B4fA4E2
2025-09-12 18:10:52 | INFO     | [global] | app.component.event_monitor:start_monitoring:206 - 从区块 23346297 开始监控
2025-09-12 18:10:52 | INFO     | [global] | app.component.event_monitor:_realtime_monitoring:219 - 启动实时监控模式
2025-09-12 18:10:53 | ERROR    | [global] | app.component.event_monitor:_realtime_monitoring:239 - 实时监控出错: ('The abi for this contract contains no event definitions. ', 'Are you sure you provided the correct contract abi?')
2025-09-12 18:10:58 | ERROR    | [global] | app.component.event_monitor:_realtime_monitoring:239 - 实时监控出错: ('The abi for this contract contains no event definitions. ', 'Are you sure you provided the correct contract abi?')
2025-09-12 18:11:03 | ERROR    | [global] | app.component.event_monitor:_realtime_monitoring:239 - 实时监控出错: ('The abi for this contract contains no event definitions. ', 'Are you sure you provided the correct contract abi?')
2025-09-12 18:11:07 | INFO     | [global] | app.services.pipeline_config_service:get_task_log:663 - 读取任务日志成功: task_id=63, log_path=/Users/a1-6/Desktop/PycharmProjects/chain-parser/chain-data-parser/logs/pipeline_1757560167_20250912_181049.log, returned_lines=31
2025-09-12 18:11:09 | ERROR    | [global] | app.component.event_monitor:_realtime_monitoring:239 - 实时监控出错: ('The abi for this contract contains no event definitions. ', 'Are you sure you provided the correct contract abi?')
2025-09-12 18:11:10 | INFO     | [global] | app.services.pipeline_config_service:get_task_log:663 - 读取任务日志成功: task_id=63, log_path=/Users/a1-6/Desktop/PycharmProjects/chain-parser/chain-data-parser/logs/pipeline_1757560167_20250912_181049.log, returned_lines=33
2025-09-12 18:11:13 | INFO     | [global] | app.services.pipeline_config_service:get_task_log:663 - 读取任务日志成功: task_id=63, log_path=/Users/a1-6/Desktop/PycharmProjects/chain-parser/chain-data-parser/logs/pipeline_1757560167_20250912_181049.log, returned_lines=34
2025-09-12 18:11:14 | ERROR    | [global] | app.component.event_monitor:_realtime_monitoring:239 - 实时监控出错: ('The abi for this contract contains no event definitions. ', 'Are you sure you provided the correct contract abi?')
2025-09-12 18:11:16 | INFO     | [global] | app.services.pipeline_config_service:get_task_log:663 - 读取任务日志成功: task_id=63, log_path=/Users/a1-6/Desktop/PycharmProjects/chain-parser/chain-data-parser/logs/pipeline_1757560167_20250912_181049.log, returned_lines=36
2025-09-12 18:11:19 | INFO     | [global] | app.services.pipeline_config_service:get_task_log:663 - 读取任务日志成功: task_id=63, log_path=/Users/a1-6/Desktop/PycharmProjects/chain-parser/chain-data-parser/logs/pipeline_1757560167_20250912_181049.log, returned_lines=37
2025-09-12 18:11:20 | ERROR    | [global] | app.component.event_monitor:_realtime_monitoring:239 - 实时监控出错: ('The abi for this contract contains no event definitions. ', 'Are you sure you provided the correct contract abi?')
2025-09-12 18:11:22 | INFO     | [global] | app.services.pipeline_config_service:get_task_log:663 - 读取任务日志成功: task_id=63, log_path=/Users/a1-6/Desktop/PycharmProjects/chain-parser/chain-data-parser/logs/pipeline_1757560167_20250912_181049.log, returned_lines=39
2025-09-12 18:11:25 | ERROR    | [global] | app.component.event_monitor:_realtime_monitoring:239 - 实时监控出错: ('The abi for this contract contains no event definitions. ', 'Are you sure you provided the correct contract abi?')
2025-09-12 18:11:25 | INFO     | [global] | app.services.pipeline_config_service:get_task_log:663 - 读取任务日志成功: task_id=63, log_path=/Users/a1-6/Desktop/PycharmProjects/chain-parser/chain-data-parser/logs/pipeline_1757560167_20250912_181049.log, returned_lines=41
2025-09-12 18:11:28 | INFO     | [global] | app.services.pipeline_config_service:get_task_log:663 - 读取任务日志成功: task_id=63, log_path=/Users/a1-6/Desktop/PycharmProjects/chain-parser/chain-data-parser/logs/pipeline_1757560167_20250912_181049.log, returned_lines=42
2025-09-12 18:11:31 | ERROR    | [global] | app.component.event_monitor:_realtime_monitoring:239 - 实时监控出错: ('The abi for this contract contains no event definitions. ', 'Are you sure you provided the correct contract abi?')
2025-09-12 18:11:31 | INFO     | [global] | app.services.pipeline_config_service:get_task_log:663 - 读取任务日志成功: task_id=63, log_path=/Users/a1-6/Desktop/PycharmProjects/chain-parser/chain-data-parser/logs/pipeline_1757560167_20250912_181049.log, returned_lines=44
2025-09-12 18:11:34 | INFO     | [global] | app.services.pipeline_config_service:get_task_log:663 - 读取任务日志成功: task_id=63, log_path=/Users/a1-6/Desktop/PycharmProjects/chain-parser/chain-data-parser/logs/pipeline_1757560167_20250912_181049.log, returned_lines=45
2025-09-12 18:11:36 | ERROR    | [global] | app.component.event_monitor:_realtime_monitoring:239 - 实时监控出错: ('The abi for this contract contains no event definitions. ', 'Are you sure you provided the correct contract abi?')
2025-09-12 18:11:37 | INFO     | [global] | app.services.pipeline_config_service:get_task_log:663 - 读取任务日志成功: task_id=63, log_path=/Users/a1-6/Desktop/PycharmProjects/chain-parser/chain-data-parser/logs/pipeline_1757560167_20250912_181049.log, returned_lines=47
2025-09-12 18:11:40 | INFO     | [global] | app.services.pipeline_config_service:get_task_log:663 - 读取任务日志成功: task_id=63, log_path=/Users/a1-6/Desktop/PycharmProjects/chain-parser/chain-data-parser/logs/pipeline_1757560167_20250912_181049.log, returned_lines=48
2025-09-12 18:11:42 | ERROR    | [global] | app.component.event_monitor:_realtime_monitoring:239 - 实时监控出错: ('The abi for this contract contains no event definitions. ', 'Are you sure you provided the correct contract abi?')
2025-09-12 18:11:43 | INFO     | [global] | app.services.pipeline_config_service:get_task_log:663 - 读取任务日志成功: task_id=63, log_path=/Users/a1-6/Desktop/PycharmProjects/chain-parser/chain-data-parser/logs/pipeline_1757560167_20250912_181049.log, returned_lines=50
2025-09-12 18:11:46 | INFO     | [global] | app.services.pipeline_config_service:get_task_log:663 - 读取任务日志成功: task_id=63, log_path=/Users/a1-6/Desktop/PycharmProjects/chain-parser/chain-data-parser/logs/pipeline_1757560167_20250912_181049.log, returned_lines=51
2025-09-12 18:11:47 | ERROR    | [global] | app.component.event_monitor:_realtime_monitoring:239 - 实时监控出错: ('The abi for this contract contains no event definitions. ', 'Are you sure you provided the correct contract abi?')
2025-09-12 18:11:49 | INFO     | [global] | app.services.pipeline_config_service:get_task_log:663 - 读取任务日志成功: task_id=63, log_path=/Users/a1-6/Desktop/PycharmProjects/chain-parser/chain-data-parser/logs/pipeline_1757560167_20250912_181049.log, returned_lines=53
2025-09-12 18:11:52 | ERROR    | [global] | app.component.event_monitor:_realtime_monitoring:239 - 实时监控出错: ('The abi for this contract contains no event definitions. ', 'Are you sure you provided the correct contract abi?')
2025-09-12 18:11:52 | INFO     | [global] | app.services.pipeline_config_service:get_task_log:663 - 读取任务日志成功: task_id=63, log_path=/Users/a1-6/Desktop/PycharmProjects/chain-parser/chain-data-parser/logs/pipeline_1757560167_20250912_181049.log, returned_lines=55
2025-09-12 18:11:55 | INFO     | [global] | app.services.pipeline_config_service:get_task_log:663 - 读取任务日志成功: task_id=63, log_path=/Users/a1-6/Desktop/PycharmProjects/chain-parser/chain-data-parser/logs/pipeline_1757560167_20250912_181049.log, returned_lines=56
2025-09-12 18:11:58 | ERROR    | [global] | app.component.event_monitor:_realtime_monitoring:239 - 实时监控出错: ('The abi for this contract contains no event definitions. ', 'Are you sure you provided the correct contract abi?')
2025-09-12 18:11:58 | INFO     | [global] | app.services.pipeline_config_service:get_task_log:663 - 读取任务日志成功: task_id=63, log_path=/Users/a1-6/Desktop/PycharmProjects/chain-parser/chain-data-parser/logs/pipeline_1757560167_20250912_181049.log, returned_lines=58
2025-09-12 18:12:01 | INFO     | [global] | app.services.pipeline_config_service:get_task_log:663 - 读取任务日志成功: task_id=63, log_path=/Users/a1-6/Desktop/PycharmProjects/chain-parser/chain-data-parser/logs/pipeline_1757560167_20250912_181049.log, returned_lines=59
2025-09-12 18:12:03 | ERROR    | [global] | app.component.event_monitor:_realtime_monitoring:239 - 实时监控出错: ('The abi for this contract contains no event definitions. ', 'Are you sure you provided the correct contract abi?')
2025-09-12 18:12:04 | INFO     | [global] | app.services.pipeline_config_service:get_task_log:663 - 读取任务日志成功: task_id=63, log_path=/Users/a1-6/Desktop/PycharmProjects/chain-parser/chain-data-parser/logs/pipeline_1757560167_20250912_181049.log, returned_lines=61
2025-09-12 18:12:07 | INFO     | [global] | app.services.pipeline_config_service:get_task_log:663 - 读取任务日志成功: task_id=63, log_path=/Users/a1-6/Desktop/PycharmProjects/chain-parser/chain-data-parser/logs/pipeline_1757560167_20250912_181049.log, returned_lines=62
2025-09-12 18:12:09 | ERROR    | [global] | app.component.event_monitor:_realtime_monitoring:239 - 实时监控出错: ('The abi for this contract contains no event definitions. ', 'Are you sure you provided the correct contract abi?')
2025-09-12 18:12:10 | INFO     | [global] | app.services.pipeline_config_service:get_task_log:663 - 读取任务日志成功: task_id=63, log_path=/Users/a1-6/Desktop/PycharmProjects/chain-parser/chain-data-parser/logs/pipeline_1757560167_20250912_181049.log, returned_lines=64
2025-09-12 18:12:13 | INFO     | [global] | app.services.pipeline_config_service:get_task_log:663 - 读取任务日志成功: task_id=63, log_path=/Users/a1-6/Desktop/PycharmProjects/chain-parser/chain-data-parser/logs/pipeline_1757560167_20250912_181049.log, returned_lines=65
2025-09-12 18:12:14 | ERROR    | [global] | app.component.event_monitor:_realtime_monitoring:239 - 实时监控出错: ('The abi for this contract contains no event definitions. ', 'Are you sure you provided the correct contract abi?')
2025-09-12 18:12:16 | INFO     | [global] | app.services.pipeline_config_service:get_task_log:663 - 读取任务日志成功: task_id=63, log_path=/Users/a1-6/Desktop/PycharmProjects/chain-parser/chain-data-parser/logs/pipeline_1757560167_20250912_181049.log, returned_lines=67
2025-09-12 18:12:19 | INFO     | [global] | app.services.pipeline_config_service:get_task_log:663 - 读取任务日志成功: task_id=63, log_path=/Users/a1-6/Desktop/PycharmProjects/chain-parser/chain-data-parser/logs/pipeline_1757560167_20250912_181049.log, returned_lines=68
2025-09-12 18:12:20 | ERROR    | [global] | app.component.event_monitor:_realtime_monitoring:239 - 实时监控出错: ('The abi for this contract contains no event definitions. ', 'Are you sure you provided the correct contract abi?')
2025-09-12 18:12:22 | INFO     | [global] | app.services.pipeline_config_service:get_task_log:663 - 读取任务日志成功: task_id=63, log_path=/Users/a1-6/Desktop/PycharmProjects/chain-parser/chain-data-parser/logs/pipeline_1757560167_20250912_181049.log, returned_lines=70
2025-09-12 18:12:25 | ERROR    | [global] | app.component.event_monitor:_realtime_monitoring:239 - 实时监控出错: ('The abi for this contract contains no event definitions. ', 'Are you sure you provided the correct contract abi?')
2025-09-12 18:12:25 | INFO     | [global] | app.services.pipeline_config_service:get_task_log:663 - 读取任务日志成功: task_id=63, log_path=/Users/a1-6/Desktop/PycharmProjects/chain-parser/chain-data-parser/logs/pipeline_1757560167_20250912_181049.log, returned_lines=72
2025-09-12 18:12:28 | INFO     | [global] | app.services.pipeline_config_service:get_task_log:663 - 读取任务日志成功: task_id=63, log_path=/Users/a1-6/Desktop/PycharmProjects/chain-parser/chain-data-parser/logs/pipeline_1757560167_20250912_181049.log, returned_lines=73
2025-09-12 18:12:30 | ERROR    | [global] | app.component.event_monitor:_realtime_monitoring:239 - 实时监控出错: ('The abi for this contract contains no event definitions. ', 'Are you sure you provided the correct contract abi?')
2025-09-12 18:12:31 | INFO     | [global] | app.services.pipeline_config_service:get_task_log:663 - 读取任务日志成功: task_id=63, log_path=/Users/a1-6/Desktop/PycharmProjects/chain-parser/chain-data-parser/logs/pipeline_1757560167_20250912_181049.log, returned_lines=75
2025-09-12 18:12:34 | INFO     | [global] | app.services.pipeline_config_service:get_task_log:663 - 读取任务日志成功: task_id=63, log_path=/Users/a1-6/Desktop/PycharmProjects/chain-parser/chain-data-parser/logs/pipeline_1757560167_20250912_181049.log, returned_lines=76
2025-09-12 18:12:36 | ERROR    | [global] | app.component.event_monitor:_realtime_monitoring:239 - 实时监控出错: ('The abi for this contract contains no event definitions. ', 'Are you sure you provided the correct contract abi?')
2025-09-12 18:12:37 | INFO     | [global] | app.services.pipeline_config_service:get_task_log:663 - 读取任务日志成功: task_id=63, log_path=/Users/a1-6/Desktop/PycharmProjects/chain-parser/chain-data-parser/logs/pipeline_1757560167_20250912_181049.log, returned_lines=78
2025-09-12 18:12:40 | INFO     | [global] | app.services.pipeline_config_service:get_task_log:663 - 读取任务日志成功: task_id=63, log_path=/Users/a1-6/Desktop/PycharmProjects/chain-parser/chain-data-parser/logs/pipeline_1757560167_20250912_181049.log, returned_lines=79
2025-09-12 18:12:41 | ERROR    | [global] | app.component.event_monitor:_realtime_monitoring:239 - 实时监控出错: ('The abi for this contract contains no event definitions. ', 'Are you sure you provided the correct contract abi?')
2025-09-12 18:12:43 | INFO     | [global] | app.services.pipeline_config_service:get_task_log:663 - 读取任务日志成功: task_id=63, log_path=/Users/a1-6/Desktop/PycharmProjects/chain-parser/chain-data-parser/logs/pipeline_1757560167_20250912_181049.log, returned_lines=81
2025-09-12 18:12:46 | INFO     | [global] | app.services.pipeline_config_service:get_task_log:663 - 读取任务日志成功: task_id=63, log_path=/Users/a1-6/Desktop/PycharmProjects/chain-parser/chain-data-parser/logs/pipeline_1757560167_20250912_181049.log, returned_lines=82
2025-09-12 18:12:47 | ERROR    | [global] | app.component.event_monitor:_realtime_monitoring:239 - 实时监控出错: ('The abi for this contract contains no event definitions. ', 'Are you sure you provided the correct contract abi?')
2025-09-12 18:12:49 | INFO     | [global] | app.services.pipeline_config_service:get_task_log:663 - 读取任务日志成功: task_id=63, log_path=/Users/a1-6/Desktop/PycharmProjects/chain-parser/chain-data-parser/logs/pipeline_1757560167_20250912_181049.log, returned_lines=84
2025-09-12 18:12:52 | ERROR    | [global] | app.component.event_monitor:_realtime_monitoring:239 - 实时监控出错: ('The abi for this contract contains no event definitions. ', 'Are you sure you provided the correct contract abi?')
2025-09-12 18:12:52 | INFO     | [global] | app.services.pipeline_config_service:get_task_log:663 - 读取任务日志成功: task_id=63, log_path=/Users/a1-6/Desktop/PycharmProjects/chain-parser/chain-data-parser/logs/pipeline_1757560167_20250912_181049.log, returned_lines=86
2025-09-12 18:12:55 | INFO     | [global] | app.services.pipeline_config_service:get_task_log:663 - 读取任务日志成功: task_id=63, log_path=/Users/a1-6/Desktop/PycharmProjects/chain-parser/chain-data-parser/logs/pipeline_1757560167_20250912_181049.log, returned_lines=87
2025-09-12 18:12:58 | ERROR    | [global] | app.component.event_monitor:_realtime_monitoring:239 - 实时监控出错: ('The abi for this contract contains no event definitions. ', 'Are you sure you provided the correct contract abi?')
2025-09-12 18:12:58 | INFO     | [global] | app.services.pipeline_config_service:get_task_log:663 - 读取任务日志成功: task_id=63, log_path=/Users/a1-6/Desktop/PycharmProjects/chain-parser/chain-data-parser/logs/pipeline_1757560167_20250912_181049.log, returned_lines=89
2025-09-12 18:13:01 | INFO     | [global] | app.services.pipeline_config_service:get_task_log:663 - 读取任务日志成功: task_id=63, log_path=/Users/a1-6/Desktop/PycharmProjects/chain-parser/chain-data-parser/logs/pipeline_1757560167_20250912_181049.log, returned_lines=90
2025-09-12 18:13:03 | ERROR    | [global] | app.component.event_monitor:_realtime_monitoring:239 - 实时监控出错: ('The abi for this contract contains no event definitions. ', 'Are you sure you provided the correct contract abi?')
2025-09-12 18:13:04 | INFO     | [global] | app.services.pipeline_config_service:get_task_log:663 - 读取任务日志成功: task_id=63, log_path=/Users/a1-6/Desktop/PycharmProjects/chain-parser/chain-data-parser/logs/pipeline_1757560167_20250912_181049.log, returned_lines=92
2025-09-12 18:13:07 | INFO     | [global] | app.services.pipeline_config_service:get_task_log:663 - 读取任务日志成功: task_id=63, log_path=/Users/a1-6/Desktop/PycharmProjects/chain-parser/chain-data-parser/logs/pipeline_1757560167_20250912_181049.log, returned_lines=93
2025-09-12 18:13:08 | ERROR    | [global] | app.component.event_monitor:_realtime_monitoring:239 - 实时监控出错: ('The abi for this contract contains no event definitions. ', 'Are you sure you provided the correct contract abi?')
2025-09-12 18:13:10 | INFO     | [global] | app.services.pipeline_config_service:get_task_log:663 - 读取任务日志成功: task_id=63, log_path=/Users/a1-6/Desktop/PycharmProjects/chain-parser/chain-data-parser/logs/pipeline_1757560167_20250912_181049.log, returned_lines=95
2025-09-12 18:13:13 | INFO     | [global] | app.services.pipeline_config_service:get_task_log:663 - 读取任务日志成功: task_id=63, log_path=/Users/a1-6/Desktop/PycharmProjects/chain-parser/chain-data-parser/logs/pipeline_1757560167_20250912_181049.log, returned_lines=96
2025-09-12 18:13:14 | ERROR    | [global] | app.component.event_monitor:_realtime_monitoring:239 - 实时监控出错: ('The abi for this contract contains no event definitions. ', 'Are you sure you provided the correct contract abi?')
2025-09-12 18:13:16 | INFO     | [global] | app.services.pipeline_config_service:get_task_log:663 - 读取任务日志成功: task_id=63, log_path=/Users/a1-6/Desktop/PycharmProjects/chain-parser/chain-data-parser/logs/pipeline_1757560167_20250912_181049.log, returned_lines=98
2025-09-12 18:13:19 | ERROR    | [global] | app.component.event_monitor:_realtime_monitoring:239 - 实时监控出错: ('The abi for this contract contains no event definitions. ', 'Are you sure you provided the correct contract abi?')
2025-09-12 18:13:19 | INFO     | [global] | app.services.pipeline_config_service:get_task_log:663 - 读取任务日志成功: task_id=63, log_path=/Users/a1-6/Desktop/PycharmProjects/chain-parser/chain-data-parser/logs/pipeline_1757560167_20250912_181049.log, returned_lines=100
2025-09-12 18:13:22 | INFO     | [global] | app.services.pipeline_config_service:get_task_log:663 - 读取任务日志成功: task_id=63, log_path=/Users/a1-6/Desktop/PycharmProjects/chain-parser/chain-data-parser/logs/pipeline_1757560167_20250912_181049.log, returned_lines=101
2025-09-12 18:13:25 | ERROR    | [global] | app.component.event_monitor:_realtime_monitoring:239 - 实时监控出错: ('The abi for this contract contains no event definitions. ', 'Are you sure you provided the correct contract abi?')
2025-09-12 18:13:25 | INFO     | [global] | app.services.pipeline_config_service:get_task_log:663 - 读取任务日志成功: task_id=63, log_path=/Users/a1-6/Desktop/PycharmProjects/chain-parser/chain-data-parser/logs/pipeline_1757560167_20250912_181049.log, returned_lines=103
2025-09-12 18:13:28 | INFO     | [global] | app.services.pipeline_config_service:get_task_log:663 - 读取任务日志成功: task_id=63, log_path=/Users/a1-6/Desktop/PycharmProjects/chain-parser/chain-data-parser/logs/pipeline_1757560167_20250912_181049.log, returned_lines=104
2025-09-12 18:13:30 | ERROR    | [global] | app.component.event_monitor:_realtime_monitoring:239 - 实时监控出错: ('The abi for this contract contains no event definitions. ', 'Are you sure you provided the correct contract abi?')
2025-09-12 18:13:31 | INFO     | [global] | app.services.pipeline_config_service:get_task_log:663 - 读取任务日志成功: task_id=63, log_path=/Users/a1-6/Desktop/PycharmProjects/chain-parser/chain-data-parser/logs/pipeline_1757560167_20250912_181049.log, returned_lines=106
2025-09-12 18:13:34 | INFO     | [global] | app.services.pipeline_config_service:get_task_log:663 - 读取任务日志成功: task_id=63, log_path=/Users/a1-6/Desktop/PycharmProjects/chain-parser/chain-data-parser/logs/pipeline_1757560167_20250912_181049.log, returned_lines=107
2025-09-12 18:13:35 | ERROR    | [global] | app.component.event_monitor:_realtime_monitoring:239 - 实时监控出错: ('The abi for this contract contains no event definitions. ', 'Are you sure you provided the correct contract abi?')
2025-09-12 18:13:37 | INFO     | [global] | app.services.pipeline_config_service:get_task_log:663 - 读取任务日志成功: task_id=63, log_path=/Users/a1-6/Desktop/PycharmProjects/chain-parser/chain-data-parser/logs/pipeline_1757560167_20250912_181049.log, returned_lines=109
2025-09-12 18:13:40 | INFO     | [global] | app.services.pipeline_config_service:get_task_log:663 - 读取任务日志成功: task_id=63, log_path=/Users/a1-6/Desktop/PycharmProjects/chain-parser/chain-data-parser/logs/pipeline_1757560167_20250912_181049.log, returned_lines=110
2025-09-12 18:13:41 | ERROR    | [global] | app.component.event_monitor:_realtime_monitoring:239 - 实时监控出错: ('The abi for this contract contains no event definitions. ', 'Are you sure you provided the correct contract abi?')
2025-09-12 18:13:43 | INFO     | [global] | app.services.pipeline_config_service:get_task_log:663 - 读取任务日志成功: task_id=63, log_path=/Users/a1-6/Desktop/PycharmProjects/chain-parser/chain-data-parser/logs/pipeline_1757560167_20250912_181049.log, returned_lines=112
2025-09-12 18:13:46 | ERROR    | [global] | app.component.event_monitor:_realtime_monitoring:239 - 实时监控出错: ('The abi for this contract contains no event definitions. ', 'Are you sure you provided the correct contract abi?')
2025-09-12 18:13:46 | INFO     | [global] | app.services.pipeline_config_service:get_task_log:663 - 读取任务日志成功: task_id=63, log_path=/Users/a1-6/Desktop/PycharmProjects/chain-parser/chain-data-parser/logs/pipeline_1757560167_20250912_181049.log, returned_lines=114
2025-09-12 18:13:49 | INFO     | [global] | app.services.pipeline_config_service:get_task_log:663 - 读取任务日志成功: task_id=63, log_path=/Users/a1-6/Desktop/PycharmProjects/chain-parser/chain-data-parser/logs/pipeline_1757560167_20250912_181049.log, returned_lines=115
2025-09-12 18:13:52 | ERROR    | [global] | app.component.event_monitor:_realtime_monitoring:239 - 实时监控出错: ('The abi for this contract contains no event definitions. ', 'Are you sure you provided the correct contract abi?')
2025-09-12 18:13:52 | INFO     | [global] | app.services.pipeline_config_service:get_task_log:663 - 读取任务日志成功: task_id=63, log_path=/Users/a1-6/Desktop/PycharmProjects/chain-parser/chain-data-parser/logs/pipeline_1757560167_20250912_181049.log, returned_lines=117
2025-09-12 18:13:55 | INFO     | [global] | app.services.pipeline_config_service:get_task_log:663 - 读取任务日志成功: task_id=63, log_path=/Users/a1-6/Desktop/PycharmProjects/chain-parser/chain-data-parser/logs/pipeline_1757560167_20250912_181049.log, returned_lines=118
2025-09-12 18:13:57 | ERROR    | [global] | app.component.event_monitor:_realtime_monitoring:239 - 实时监控出错: ('The abi for this contract contains no event definitions. ', 'Are you sure you provided the correct contract abi?')
2025-09-12 18:13:58 | INFO     | [global] | app.services.pipeline_config_service:get_task_log:663 - 读取任务日志成功: task_id=63, log_path=/Users/a1-6/Desktop/PycharmProjects/chain-parser/chain-data-parser/logs/pipeline_1757560167_20250912_181049.log, returned_lines=120
2025-09-12 18:14:01 | INFO     | [global] | app.services.pipeline_config_service:get_task_log:663 - 读取任务日志成功: task_id=63, log_path=/Users/a1-6/Desktop/PycharmProjects/chain-parser/chain-data-parser/logs/pipeline_1757560167_20250912_181049.log, returned_lines=121
2025-09-12 18:14:03 | ERROR    | [global] | app.component.event_monitor:_realtime_monitoring:239 - 实时监控出错: ('The abi for this contract contains no event definitions. ', 'Are you sure you provided the correct contract abi?')
2025-09-12 18:14:04 | INFO     | [global] | app.services.pipeline_config_service:get_task_log:663 - 读取任务日志成功: task_id=63, log_path=/Users/a1-6/Desktop/PycharmProjects/chain-parser/chain-data-parser/logs/pipeline_1757560167_20250912_181049.log, returned_lines=123
2025-09-12 18:14:07 | INFO     | [global] | app.services.pipeline_config_service:get_task_log:663 - 读取任务日志成功: task_id=63, log_path=/Users/a1-6/Desktop/PycharmProjects/chain-parser/chain-data-parser/logs/pipeline_1757560167_20250912_181049.log, returned_lines=124
2025-09-12 18:14:08 | ERROR    | [global] | app.component.event_monitor:_realtime_monitoring:239 - 实时监控出错: ('The abi for this contract contains no event definitions. ', 'Are you sure you provided the correct contract abi?')
2025-09-12 18:14:10 | INFO     | [global] | app.services.pipeline_config_service:get_task_log:663 - 读取任务日志成功: task_id=63, log_path=/Users/a1-6/Desktop/PycharmProjects/chain-parser/chain-data-parser/logs/pipeline_1757560167_20250912_181049.log, returned_lines=126
2025-09-12 18:14:13 | INFO     | [global] | app.services.pipeline_config_service:get_task_log:663 - 读取任务日志成功: task_id=63, log_path=/Users/a1-6/Desktop/PycharmProjects/chain-parser/chain-data-parser/logs/pipeline_1757560167_20250912_181049.log, returned_lines=127
2025-09-12 18:14:13 | ERROR    | [global] | app.component.event_monitor:_realtime_monitoring:239 - 实时监控出错: ('The abi for this contract contains no event definitions. ', 'Are you sure you provided the correct contract abi?')
2025-09-12 18:14:16 | INFO     | [global] | app.services.pipeline_config_service:get_task_log:663 - 读取任务日志成功: task_id=63, log_path=/Users/a1-6/Desktop/PycharmProjects/chain-parser/chain-data-parser/logs/pipeline_1757560167_20250912_181049.log, returned_lines=129
2025-09-12 18:14:19 | ERROR    | [global] | app.component.event_monitor:_realtime_monitoring:239 - 实时监控出错: ('The abi for this contract contains no event definitions. ', 'Are you sure you provided the correct contract abi?')
2025-09-12 18:14:19 | INFO     | [global] | app.services.pipeline_config_service:get_task_log:663 - 读取任务日志成功: task_id=63, log_path=/Users/a1-6/Desktop/PycharmProjects/chain-parser/chain-data-parser/logs/pipeline_1757560167_20250912_181049.log, returned_lines=131
2025-09-12 18:14:22 | INFO     | [global] | app.services.pipeline_config_service:get_task_log:663 - 读取任务日志成功: task_id=63, log_path=/Users/a1-6/Desktop/PycharmProjects/chain-parser/chain-data-parser/logs/pipeline_1757560167_20250912_181049.log, returned_lines=132
2025-09-12 18:14:24 | ERROR    | [global] | app.component.event_monitor:_realtime_monitoring:239 - 实时监控出错: ('The abi for this contract contains no event definitions. ', 'Are you sure you provided the correct contract abi?')
2025-09-12 18:14:25 | INFO     | [global] | app.services.pipeline_config_service:get_task_log:663 - 读取任务日志成功: task_id=63, log_path=/Users/a1-6/Desktop/PycharmProjects/chain-parser/chain-data-parser/logs/pipeline_1757560167_20250912_181049.log, returned_lines=134
2025-09-12 18:14:28 | INFO     | [global] | app.services.pipeline_config_service:get_task_log:663 - 读取任务日志成功: task_id=63, log_path=/Users/a1-6/Desktop/PycharmProjects/chain-parser/chain-data-parser/logs/pipeline_1757560167_20250912_181049.log, returned_lines=135
2025-09-12 18:14:30 | ERROR    | [global] | app.component.event_monitor:_realtime_monitoring:239 - 实时监控出错: ('The abi for this contract contains no event definitions. ', 'Are you sure you provided the correct contract abi?')
2025-09-12 18:14:31 | INFO     | [global] | app.services.pipeline_config_service:get_task_log:663 - 读取任务日志成功: task_id=63, log_path=/Users/a1-6/Desktop/PycharmProjects/chain-parser/chain-data-parser/logs/pipeline_1757560167_20250912_181049.log, returned_lines=137
2025-09-12 18:14:34 | INFO     | [global] | app.services.pipeline_config_service:get_task_log:663 - 读取任务日志成功: task_id=63, log_path=/Users/a1-6/Desktop/PycharmProjects/chain-parser/chain-data-parser/logs/pipeline_1757560167_20250912_181049.log, returned_lines=138
2025-09-12 18:14:35 | ERROR    | [global] | app.component.event_monitor:_realtime_monitoring:239 - 实时监控出错: ('The abi for this contract contains no event definitions. ', 'Are you sure you provided the correct contract abi?')
2025-09-12 18:14:37 | INFO     | [global] | app.services.pipeline_config_service:get_task_log:663 - 读取任务日志成功: task_id=63, log_path=/Users/a1-6/Desktop/PycharmProjects/chain-parser/chain-data-parser/logs/pipeline_1757560167_20250912_181049.log, returned_lines=140
2025-09-12 18:14:40 | INFO     | [global] | app.services.pipeline_config_service:get_task_log:663 - 读取任务日志成功: task_id=63, log_path=/Users/a1-6/Desktop/PycharmProjects/chain-parser/chain-data-parser/logs/pipeline_1757560167_20250912_181049.log, returned_lines=141
2025-09-12 18:14:41 | ERROR    | [global] | app.component.event_monitor:_realtime_monitoring:239 - 实时监控出错: ('The abi for this contract contains no event definitions. ', 'Are you sure you provided the correct contract abi?')
2025-09-12 18:14:43 | INFO     | [global] | app.services.pipeline_config_service:get_task_log:663 - 读取任务日志成功: task_id=63, log_path=/Users/a1-6/Desktop/PycharmProjects/chain-parser/chain-data-parser/logs/pipeline_1757560167_20250912_181049.log, returned_lines=143
2025-09-12 18:14:46 | ERROR    | [global] | app.component.event_monitor:_realtime_monitoring:239 - 实时监控出错: ('The abi for this contract contains no event definitions. ', 'Are you sure you provided the correct contract abi?')
2025-09-12 18:14:46 | INFO     | [global] | app.services.pipeline_config_service:get_task_log:663 - 读取任务日志成功: task_id=63, log_path=/Users/a1-6/Desktop/PycharmProjects/chain-parser/chain-data-parser/logs/pipeline_1757560167_20250912_181049.log, returned_lines=145
2025-09-12 18:14:49 | INFO     | [global] | app.services.pipeline_config_service:get_task_log:663 - 读取任务日志成功: task_id=63, log_path=/Users/a1-6/Desktop/PycharmProjects/chain-parser/chain-data-parser/logs/pipeline_1757560167_20250912_181049.log, returned_lines=146
2025-09-12 18:14:51 | ERROR    | [global] | app.component.event_monitor:_realtime_monitoring:239 - 实时监控出错: ('The abi for this contract contains no event definitions. ', 'Are you sure you provided the correct contract abi?')
2025-09-12 18:14:52 | INFO     | [global] | app.services.pipeline_config_service:get_task_log:663 - 读取任务日志成功: task_id=63, log_path=/Users/a1-6/Desktop/PycharmProjects/chain-parser/chain-data-parser/logs/pipeline_1757560167_20250912_181049.log, returned_lines=148
2025-09-12 18:14:55 | INFO     | [global] | app.services.pipeline_config_service:get_task_log:663 - 读取任务日志成功: task_id=63, log_path=/Users/a1-6/Desktop/PycharmProjects/chain-parser/chain-data-parser/logs/pipeline_1757560167_20250912_181049.log, returned_lines=149
2025-09-12 18:14:57 | ERROR    | [global] | app.component.event_monitor:_realtime_monitoring:239 - 实时监控出错: ('The abi for this contract contains no event definitions. ', 'Are you sure you provided the correct contract abi?')
2025-09-12 18:14:58 | INFO     | [global] | app.services.pipeline_config_service:get_task_log:663 - 读取任务日志成功: task_id=63, log_path=/Users/a1-6/Desktop/PycharmProjects/chain-parser/chain-data-parser/logs/pipeline_1757560167_20250912_181049.log, returned_lines=151
2025-09-12 18:15:01 | INFO     | [global] | app.services.pipeline_config_service:get_task_log:663 - 读取任务日志成功: task_id=63, log_path=/Users/a1-6/Desktop/PycharmProjects/chain-parser/chain-data-parser/logs/pipeline_1757560167_20250912_181049.log, returned_lines=152
2025-09-12 18:15:02 | ERROR    | [global] | app.component.event_monitor:_realtime_monitoring:239 - 实时监控出错: ('The abi for this contract contains no event definitions. ', 'Are you sure you provided the correct contract abi?')
2025-09-12 18:15:04 | INFO     | [global] | app.services.pipeline_config_service:get_task_log:663 - 读取任务日志成功: task_id=63, log_path=/Users/a1-6/Desktop/PycharmProjects/chain-parser/chain-data-parser/logs/pipeline_1757560167_20250912_181049.log, returned_lines=154
2025-09-12 18:15:04 | INFO     | [global] | app.startup:shutdown_event:24 - 应用关闭中...
2025-09-12 18:15:04 | INFO     | [global] | app.services.task_monitor_service:_monitor_loop:147 - 任务监控守护进程被取消
2025-09-12 18:15:04 | INFO     | [global] | app.services.task_monitor_service:stop_monitoring:166 - 任务监控守护进程已停止
2025-09-12 18:15:04 | INFO     | [global] | app.services.task_monitor_service:shutdown_task_monitoring:201 - 任务监控系统已关闭
2025-09-12 18:15:04 | INFO     | [global] | app.startup:shutdown_event:29 - 应用关闭完成
2025-09-12 18:15:04 | INFO     | [global] | app.services.database_service:close:106 - 数据库连接已关闭
2025-09-12 18:15:04 | INFO     | [fce6525f] | app.component.pipeline_executor_optimized:_cleanup_components:987 - 组件清理完成: step1
2025-09-12 18:15:04 | INFO     | [fce6525f] | app.component.pipeline_executor_optimized:_cleanup_components:987 - 组件清理完成: step3
2025-09-12 18:15:04 | INFO     | [fce6525f] | app.component.pipeline_executor_optimized:_cleanup_components:987 - 组件清理完成: step4
